\BOOKMARK [1][-]{section.1}{\376\377\000I\000n\000t\000r\000o\000d\000u\000c\000t\000i\000o\000n}{}% 1
\BOOKMARK [1][-]{section.2}{\376\377\000C\000o\000l\000l\000a\000b\000o\000r\000a\000t\000i\000o\000n}{}% 2
\BOOKMARK [1][-]{section.3}{\376\377\000C\000o\000n\000c\000e\000p\000t\000i\000o\000n}{}% 3
\BOOKMARK [2][-]{subsection.3.1}{\376\377\000R\000\350\000g\000l\000e\000s\000\040\000t\000r\000a\000i\000t\000\351\000e\000s}{section.3}% 4
\BOOKMARK [2][-]{subsection.3.2}{\376\377\000A\000r\000c\000h\000i\000t\000e\000c\000t\000u\000r\000e}{section.3}% 5
\BOOKMARK [3][-]{subsubsection.3.2.1}{\376\377\000D\000i\000a\000g\000r\000a\000m\000m\000e\000\040\000d\000e\000\040\000c\000l\000a\000s\000s\000e\000\040\000U\000M\000L}{subsection.3.2}% 6
\BOOKMARK [2][-]{subsection.3.3}{\376\377\000C\000o\000n\000c\000e\000p\000t\000i\000o\000n\000\040\000d\000u\000\040\000J\000e\000u\000\040\000d\000'\000\351\000c\000h\000e\000c\000s}{section.3}% 7
\BOOKMARK [3][-]{subsubsection.3.3.1}{\376\377\000C\000l\000a\000s\000s\000e\000\040\000P\000i\000e\000c\000e}{subsection.3.3}% 8
\BOOKMARK [3][-]{subsubsection.3.3.2}{\376\377\000C\000l\000a\000s\000s\000e\000\040\000E\000t\000a\000t\000J\000e\000u}{subsection.3.3}% 9
\BOOKMARK [3][-]{subsubsection.3.3.3}{\376\377\000F\000i\000n\000a\000l\000i\000s\000a\000t\000i\000o\000n\000\040\000d\000e\000\040\000l\000a\000\040\000c\000l\000a\000s\000s\000e\000\040\000P\000i\000e\000c\000e}{subsection.3.3}% 10
\BOOKMARK [3][-]{subsubsection.3.3.4}{\376\377\000C\000l\000a\000s\000s\000e\000\040\000J\000o\000u\000e\000u\000r\000s\000\040\000:\000\040\000H\000u\000m\000a\000i\000n}{subsection.3.3}% 11
\BOOKMARK [2][-]{subsection.3.4}{\376\377\000L\000e\000\040\000P\000r\000o\000g\000r\000a\000m\000m\000e\000\040\000m\000a\000i\000n}{section.3}% 12
\BOOKMARK [2][-]{subsection.3.5}{\376\377\000C\000o\000n\000c\000e\000p\000t\000i\000o\000n\000\040\000d\000e\000\040\000l\000'\000I\000A}{section.3}% 13
\BOOKMARK [3][-]{subsubsection.3.5.1}{\376\377\000C\000a\000l\000c\000u\000l\000\040\000d\000e\000\040\000l\000a\000\040\000v\000a\000l\000e\000u\000r}{subsection.3.5}% 14
\BOOKMARK [3][-]{subsubsection.3.5.2}{\376\377\000M\000i\000n\000i\000m\000a\000x}{subsection.3.5}% 15
\BOOKMARK [3][-]{subsubsection.3.5.3}{\376\377\000E\000l\000a\000g\000a\000g\000e\000\040\000A\000l\000p\000h\000a\000-\000B\000e\000t\000a}{subsection.3.5}% 16
\BOOKMARK [3][-]{subsubsection.3.5.4}{\376\377\000M\000\351\000t\000h\000o\000d\000e\000\040\000J\000o\000u\000e\000r\000\137\000C\000o\000u\000p\000\040\000p\000o\000u\000r\000\040\000l\000'\000I\000A}{subsection.3.5}% 17
\BOOKMARK [1][-]{section.4}{\376\377\000T\000e\000s\000t\000s}{}% 18
\BOOKMARK [2][-]{subsection.4.1}{\376\377\000T\000e\000s\000t\000s\000\040\000d\000e\000\040\000c\000o\000n\000c\000e\000p\000t\000i\000o\000n\000\040\000d\000u\000\040\000j\000e\000u\000\040\000d\000'\000\351\000c\000h\000e\000c\000s}{section.4}% 19
\BOOKMARK [3][-]{subsubsection.4.1.1}{\376\377\000T\000e\000s\000t\000s\000\040\000d\000e\000\040\000l\000a\000\040\000c\000l\000a\000s\000s\000e\000\040\000p\000i\000\350\000c\000e}{subsection.4.1}% 20
\BOOKMARK [3][-]{subsubsection.4.1.2}{\376\377\000T\000e\000s\000t\000s\000\040\000d\000e\000\040\000l\000'\000\311\000t\000a\000t\000J\000e\000u}{subsection.4.1}% 21
\BOOKMARK [2][-]{subsection.4.2}{\376\377\000T\000e\000s\000t\000s\000\040\000r\000e\000l\000a\000t\000i\000f\000s\000\040\000\340\000\040\000l\000'\000I\000A}{section.4}% 22
\BOOKMARK [3][-]{subsubsection.4.2.1}{\376\377\000T\000e\000s\000t\000s\000\040\000d\000e\000\040\000l\000a\000\040\000v\000a\000l\000e\000u\000r}{subsection.4.2}% 23
\BOOKMARK [3][-]{subsubsection.4.2.2}{\376\377\000T\000e\000s\000t\000s\000\040\000d\000'\000e\000x\000i\000s\000t\000e\000n\000c\000e\000\040\000d\000e\000s\000\040\000c\000o\000u\000p\000s}{subsection.4.2}% 24
\BOOKMARK [3][-]{subsubsection.4.2.3}{\376\377\000T\000e\000s\000t\000s\000\040\000d\000e\000\040\000c\000o\000h\000\351\000r\000e\000n\000c\000e}{subsection.4.2}% 25
\BOOKMARK [3][-]{subsubsection.4.2.4}{\376\377\000T\000e\000s\000t\000s\000\040\000d\000e\000\040\000d\000u\000r\000\351\000e\000s}{subsection.4.2}% 26
